{
  "RSpec": {
    "coverage": {
      "/Users/ngeslin/Documents/www/JS.nat.fullStack/js-nat-api/app/controllers/games_controller.rb": [
        1,
        1,
        null,
        null,
        1,
        1,
        null,
        1,
        null,
        null,
        null,
        1,
        1,
        null,
        null,
        null,
        1,
        1,
        null,
        1,
        1,
        null,
        0,
        null,
        null,
        null,
        null,
        1,
        1,
        1,
        null,
        0,
        null,
        null,
        null,
        null,
        1,
        2,
        null,
        2,
        2,
        null,
        0,
        null,
        null,
        null,
        null,
        1,
        1,
        null,
        1,
        1,
        null,
        1,
        null,
        0,
        null,
        null,
        null,
        null,
        1,
        1,
        1,
        null,
        1,
        null,
        null,
        1,
        null,
        1,
        2,
        null,
        null,
        null,
        1,
        2,
        null,
        null
      ],
      "/Users/ngeslin/Documents/www/JS.nat.fullStack/js-nat-api/app/controllers/application_controller.rb": [
        1,
        null
      ]
    },
    "timestamp": 1458493540
  }
}
